<?xml version="1.0" encoding="UTF-8"?><testsuite errors="0" failures="1" name="com.university.features.search.SearchByKeywordStory" skipped="1" tests="2" time="13.3" timestamp="2023-05-23 09:07:01"><testcase classname="com.university.features.search.SearchByKeywordStory" name="Searching by keyword banana should display the corresponding article"><failure message="Expected enabled element was not enabled" type="net.thucydides.core.webdriver.exceptions.ElementShouldBeEnabledException">Expected enabled element was not enabled</failure><system-err>Expected enabled element was not enabled&#13;
com.university.pages.DictionaryPage.enter_keywords(DictionaryPage.java:25)&#13;
com.university.steps.serenity.EndUserSteps.enters(EndUserSteps.java:17)&#13;
com.university.steps.serenity.EndUserSteps.looks_for(EndUserSteps.java:37)&#13;
com.university.features.search.SearchByKeywordStory.searching_by_keyword_banana_should_display_the_corresponding_article(SearchByKeywordStory.java:36)&#13;
</system-err></testcase><testcase classname="com.university.features.search.SearchByKeywordStory" name="Searching by ambiguious keyword should display the disambiguation page"><skipped/></testcase></testsuite>